<?xml version="1.0" encoding="UTF-8"?>
<testng-results skipped="0" failed="0" ignored="0" total="2" passed="2">
  <reporter-output>
  </reporter-output>
  <suite name="Surefire suite" duration-ms="143" started-at="2020-04-14T16:36:08 IST" finished-at="2020-04-14T16:36:08 IST">
    <groups>
    </groups>
    <test name="Surefire test" duration-ms="143" started-at="2020-04-14T16:36:08 IST" finished-at="2020-04-14T16:36:08 IST">
      <class name="MavenPackage.WebPageTest">
        <test-method status="PASS" signature="setUp()[pri:0, instance:MavenPackage.WebPageTest@39c0f4a]" name="setUp" is-config="true" duration-ms="40" started-at="2020-04-14T16:36:08 IST" finished-at="2020-04-14T16:36:08 IST">
          <reporter-output>
          </reporter-output>
        </test-method> <!-- setUp -->
        <test-method status="PASS" signature="login()[pri:0, instance:MavenPackage.WebPageTest@39c0f4a]" name="login" duration-ms="3" started-at="2020-04-14T16:36:08 IST" finished-at="2020-04-14T16:36:08 IST">
          <reporter-output>
          </reporter-output>
        </test-method> <!-- login -->
        <test-method status="PASS" signature="payment()[pri:0, instance:MavenPackage.WebPageTest@39c0f4a]" name="payment" duration-ms="0" started-at="2020-04-14T16:36:08 IST" finished-at="2020-04-14T16:36:08 IST">
          <reporter-output>
          </reporter-output>
        </test-method> <!-- payment -->
        <test-method status="PASS" signature="tearDown()[pri:0, instance:MavenPackage.WebPageTest@39c0f4a]" name="tearDown" is-config="true" duration-ms="0" started-at="2020-04-14T16:36:08 IST" finished-at="2020-04-14T16:36:08 IST">
          <reporter-output>
          </reporter-output>
        </test-method> <!-- tearDown -->
      </class> <!-- MavenPackage.WebPageTest -->
    </test> <!-- Surefire test -->
  </suite> <!-- Surefire suite -->
</testng-results>
