<?xml version="1.0" encoding="UTF-8"?>
<testng-results skipped="0" failed="0" total="2" passed="2">
  <reporter-output>
  </reporter-output>
  <suite name="Default suite" duration-ms="316" started-at="2020-04-13T17:57:23Z" finished-at="2020-04-13T17:57:23Z">
    <groups>
    </groups>
    <test name="Default test" duration-ms="316" started-at="2020-04-13T17:57:23Z" finished-at="2020-04-13T17:57:23Z">
      <class name="MavenPackage.WebPageTest">
        <test-method status="PASS" signature="setUp()[pri:0, instance:MavenPackage.WebPageTest@20e2cbe0]" name="setUp" is-config="true" duration-ms="39" started-at="2020-04-13T23:27:23Z" finished-at="2020-04-13T23:27:23Z">
          <reporter-output>
          </reporter-output>
        </test-method> <!-- setUp -->
        <test-method status="PASS" signature="login()[pri:0, instance:MavenPackage.WebPageTest@20e2cbe0]" name="login" duration-ms="24" started-at="2020-04-13T23:27:23Z" finished-at="2020-04-13T23:27:23Z">
          <reporter-output>
          </reporter-output>
        </test-method> <!-- login -->
        <test-method status="PASS" signature="payment()[pri:0, instance:MavenPackage.WebPageTest@20e2cbe0]" name="payment" duration-ms="7" started-at="2020-04-13T23:27:23Z" finished-at="2020-04-13T23:27:23Z">
          <reporter-output>
          </reporter-output>
        </test-method> <!-- payment -->
        <test-method status="PASS" signature="tearDown()[pri:0, instance:MavenPackage.WebPageTest@20e2cbe0]" name="tearDown" is-config="true" duration-ms="1" started-at="2020-04-13T23:27:23Z" finished-at="2020-04-13T23:27:23Z">
          <reporter-output>
          </reporter-output>
        </test-method> <!-- tearDown -->
      </class> <!-- MavenPackage.WebPageTest -->
    </test> <!-- Default test -->
  </suite> <!-- Default suite -->
</testng-results>
